2023-01-02 06:31:18.635  INFO 2404 --- [restartedMain] c.O.bookstore.BookstoreApplication       : Starting BookstoreApplication using Java 11.0.12 on DESKTOP-UED44E2 with PID 2404 (C:\ojt_project_workspace\ojt_bookstore_project\backend\target\classes started by User in C:\ojt_project_workspace\ojt_bookstore_project\backend)
2023-01-02 06:31:18.647  INFO 2404 --- [restartedMain] c.O.bookstore.BookstoreApplication       : No active profile set, falling back to 1 default profile: "default"
2023-01-02 06:31:19.013  INFO 2404 --- [restartedMain] .e.DevToolsPropertyDefaultsPostProcessor : Devtools property defaults active! Set 'spring.devtools.add-properties' to 'false' to disable
2023-01-02 06:31:19.014  INFO 2404 --- [restartedMain] .e.DevToolsPropertyDefaultsPostProcessor : For additional web related logging consider setting the 'logging.level.web' property to 'DEBUG'
2023-01-02 06:31:21.630  INFO 2404 --- [restartedMain] .s.d.r.c.RepositoryConfigurationDelegate : Multiple Spring Data modules found, entering strict repository configuration mode
2023-01-02 06:31:21.636  INFO 2404 --- [restartedMain] .s.d.r.c.RepositoryConfigurationDelegate : Bootstrapping Spring Data JDBC repositories in DEFAULT mode.
2023-01-02 06:31:21.732  INFO 2404 --- [restartedMain] .RepositoryConfigurationExtensionSupport : Spring Data JDBC - Could not safely identify store assignment for repository candidate interface com.OJTProject.bookstore.repo.BookRepo; If you want this repository to be a JDBC repository, consider annotating your entities with one of these annotations: org.springframework.data.relational.core.mapping.Table.
2023-01-02 06:31:21.741  INFO 2404 --- [restartedMain] .RepositoryConfigurationExtensionSupport : Spring Data JDBC - Could not safely identify store assignment for repository candidate interface com.OJTProject.bookstore.repo.OrderRepo; If you want this repository to be a JDBC repository, consider annotating your entities with one of these annotations: org.springframework.data.relational.core.mapping.Table.
2023-01-02 06:31:21.752  INFO 2404 --- [restartedMain] .RepositoryConfigurationExtensionSupport : Spring Data JDBC - Could not safely identify store assignment for repository candidate interface com.OJTProject.bookstore.repo.PasswordResetTokenRepo; If you want this repository to be a JDBC repository, consider annotating your entities with one of these annotations: org.springframework.data.relational.core.mapping.Table.
2023-01-02 06:31:21.758  INFO 2404 --- [restartedMain] .RepositoryConfigurationExtensionSupport : Spring Data JDBC - Could not safely identify store assignment for repository candidate interface com.OJTProject.bookstore.repo.UserAddressRepo; If you want this repository to be a JDBC repository, consider annotating your entities with one of these annotations: org.springframework.data.relational.core.mapping.Table.
2023-01-02 06:31:21.763  INFO 2404 --- [restartedMain] .RepositoryConfigurationExtensionSupport : Spring Data JDBC - Could not safely identify store assignment for repository candidate interface com.OJTProject.bookstore.repo.UserBillingRepo; If you want this repository to be a JDBC repository, consider annotating your entities with one of these annotations: org.springframework.data.relational.core.mapping.Table.
2023-01-02 06:31:21.773  INFO 2404 --- [restartedMain] .RepositoryConfigurationExtensionSupport : Spring Data JDBC - Could not safely identify store assignment for repository candidate interface com.OJTProject.bookstore.repo.UserCartItemBookRepo; If you want this repository to be a JDBC repository, consider annotating your entities with one of these annotations: org.springframework.data.relational.core.mapping.Table.
2023-01-02 06:31:21.783  INFO 2404 --- [restartedMain] .RepositoryConfigurationExtensionSupport : Spring Data JDBC - Could not safely identify store assignment for repository candidate interface com.OJTProject.bookstore.repo.UserCartItemRepo; If you want this repository to be a JDBC repository, consider annotating your entities with one of these annotations: org.springframework.data.relational.core.mapping.Table.
2023-01-02 06:31:21.793  INFO 2404 --- [restartedMain] .RepositoryConfigurationExtensionSupport : Spring Data JDBC - Could not safely identify store assignment for repository candidate interface com.OJTProject.bookstore.repo.UserCartRepo; If you want this repository to be a JDBC repository, consider annotating your entities with one of these annotations: org.springframework.data.relational.core.mapping.Table.
2023-01-02 06:31:21.805  INFO 2404 --- [restartedMain] .RepositoryConfigurationExtensionSupport : Spring Data JDBC - Could not safely identify store assignment for repository candidate interface com.OJTProject.bookstore.repo.UserPaymentMethodRepo; If you want this repository to be a JDBC repository, consider annotating your entities with one of these annotations: org.springframework.data.relational.core.mapping.Table.
2023-01-02 06:31:21.812  INFO 2404 --- [restartedMain] .RepositoryConfigurationExtensionSupport : Spring Data JDBC - Could not safely identify store assignment for repository candidate interface com.OJTProject.bookstore.repo.UserRepo; If you want this repository to be a JDBC repository, consider annotating your entities with one of these annotations: org.springframework.data.relational.core.mapping.Table.
2023-01-02 06:31:21.820  INFO 2404 --- [restartedMain] .RepositoryConfigurationExtensionSupport : Spring Data JDBC - Could not safely identify store assignment for repository candidate interface com.OJTProject.bookstore.repo.UserShippingRepo; If you want this repository to be a JDBC repository, consider annotating your entities with one of these annotations: org.springframework.data.relational.core.mapping.Table.
2023-01-02 06:31:21.825  INFO 2404 --- [restartedMain] .s.d.r.c.RepositoryConfigurationDelegate : Finished Spring Data repository scanning in 177 ms. Found 0 JDBC repository interfaces.
2023-01-02 06:31:21.845  INFO 2404 --- [restartedMain] .s.d.r.c.RepositoryConfigurationDelegate : Multiple Spring Data modules found, entering strict repository configuration mode
2023-01-02 06:31:22.015  INFO 2404 --- [restartedMain] .s.d.r.c.RepositoryConfigurationDelegate : Bootstrapping Spring Data JPA repositories in DEFAULT mode.
2023-01-02 06:31:22.199  INFO 2404 --- [restartedMain] .s.d.r.c.RepositoryConfigurationDelegate : Finished Spring Data repository scanning in 148 ms. Found 11 JPA repository interfaces.
2023-01-02 06:31:23.776  INFO 2404 --- [restartedMain] o.s.b.w.embedded.tomcat.TomcatWebServer  : Tomcat initialized with port(s): 8080 (http)
2023-01-02 06:31:23.804  INFO 2404 --- [restartedMain] o.apache.catalina.core.StandardService   : Starting service [Tomcat]
2023-01-02 06:31:23.806  INFO 2404 --- [restartedMain] org.apache.catalina.core.StandardEngine  : Starting Servlet engine: [Apache Tomcat/9.0.69]
2023-01-02 06:31:24.040  INFO 2404 --- [restartedMain] o.a.c.c.C.[Tomcat].[localhost].[/]       : Initializing Spring embedded WebApplicationContext
2023-01-02 06:31:24.046  INFO 2404 --- [restartedMain] w.s.c.ServletWebServerApplicationContext : Root WebApplicationContext: initialization completed in 5027 ms
2023-01-02 06:31:24.404  INFO 2404 --- [restartedMain] o.hibernate.jpa.internal.util.LogHelper  : HHH000204: Processing PersistenceUnitInfo [name: default]
2023-01-02 06:31:24.702  INFO 2404 --- [restartedMain] org.hibernate.Version                    : HHH000412: Hibernate ORM core version 5.6.14.Final
2023-01-02 06:31:25.170  INFO 2404 --- [restartedMain] o.hibernate.annotations.common.Version   : HCANN000001: Hibernate Commons Annotations {5.1.2.Final}
2023-01-02 06:31:25.743  INFO 2404 --- [restartedMain] com.zaxxer.hikari.HikariDataSource       : HikariPool-1 - Starting...
2023-01-02 06:31:26.405  INFO 2404 --- [restartedMain] com.zaxxer.hikari.HikariDataSource       : HikariPool-1 - Start completed.
2023-01-02 06:31:26.455  INFO 2404 --- [restartedMain] org.hibernate.dialect.Dialect            : HHH000400: Using dialect: org.hibernate.dialect.MySQL5InnoDBDialect
2023-01-02 06:31:44.019  INFO 2404 --- [restartedMain] o.h.e.t.j.p.i.JtaPlatformInitiator       : HHH000490: Using JtaPlatform implementation: [org.hibernate.engine.transaction.jta.platform.internal.NoJtaPlatform]
2023-01-02 06:31:44.041  INFO 2404 --- [restartedMain] j.LocalContainerEntityManagerFactoryBean : Initialized JPA EntityManagerFactory for persistence unit 'default'
2023-01-02 06:31:45.993  WARN 2404 --- [restartedMain] JpaBaseConfiguration$JpaWebConfiguration : spring.jpa.open-in-view is enabled by default. Therefore, database queries may be performed during view rendering. Explicitly configure spring.jpa.open-in-view to disable this warning
2023-01-02 06:31:46.091  WARN 2404 --- [restartedMain] .s.s.UserDetailsServiceAutoConfiguration : 

Using generated security password: 0477a638-d5cc-4008-92c2-751624a788ab

This generated password is for development use only. Your security configuration must be updated before running your application in production.

2023-01-02 06:31:47.819 DEBUG 2404 --- [restartedMain] s.w.s.m.m.a.RequestMappingHandlerMapping : 47 mappings in 'requestMappingHandlerMapping'
2023-01-02 06:31:47.836 DEBUG 2404 --- [restartedMain] o.s.w.s.handler.SimpleUrlHandlerMapping  : Patterns [/] in 'viewControllerHandlerMapping'
2023-01-02 06:31:48.186 DEBUG 2404 --- [restartedMain] o.s.w.s.handler.SimpleUrlHandlerMapping  : Patterns [/webjars/**, /**, /images/*] in 'resourceHandlerMapping'
2023-01-02 06:31:48.259  WARN 2404 --- [restartedMain] o.s.s.c.a.web.builders.WebSecurity       : You are asking Spring Security to ignore Ant [pattern='/images/**']. This is not recommended -- please use permitAll via HttpSecurity#authorizeHttpRequests instead.
2023-01-02 06:31:48.268  INFO 2404 --- [restartedMain] o.s.s.web.DefaultSecurityFilterChain     : Will not secure Ant [pattern='/images/**']
2023-01-02 06:31:48.270  WARN 2404 --- [restartedMain] o.s.s.c.a.web.builders.WebSecurity       : You are asking Spring Security to ignore Ant [pattern='/js/**']. This is not recommended -- please use permitAll via HttpSecurity#authorizeHttpRequests instead.
2023-01-02 06:31:48.270  INFO 2404 --- [restartedMain] o.s.s.web.DefaultSecurityFilterChain     : Will not secure Ant [pattern='/js/**']
2023-01-02 06:31:48.271  WARN 2404 --- [restartedMain] o.s.s.c.a.web.builders.WebSecurity       : You are asking Spring Security to ignore Ant [pattern='/css/**']. This is not recommended -- please use permitAll via HttpSecurity#authorizeHttpRequests instead.
2023-01-02 06:31:48.271  INFO 2404 --- [restartedMain] o.s.s.web.DefaultSecurityFilterChain     : Will not secure Ant [pattern='/css/**']
2023-01-02 06:31:48.609  INFO 2404 --- [restartedMain] o.s.s.web.DefaultSecurityFilterChain     : Will secure any request with [org.springframework.security.web.session.DisableEncodeUrlFilter@2c24a281, org.springframework.security.web.context.request.async.WebAsyncManagerIntegrationFilter@7c500b14, org.springframework.security.web.context.SecurityContextPersistenceFilter@3e5c0d0f, org.springframework.security.web.header.HeaderWriterFilter@430dcdb3, org.springframework.security.web.authentication.logout.LogoutFilter@3f32bd5e, org.springframework.security.web.savedrequest.RequestCacheAwareFilter@1ce1415b, org.springframework.security.web.servletapi.SecurityContextHolderAwareRequestFilter@2b6c83f6, org.springframework.security.web.authentication.AnonymousAuthenticationFilter@3b791f30, org.springframework.security.web.session.SessionManagementFilter@7b1496, org.springframework.security.web.access.ExceptionTranslationFilter@35742d10, org.springframework.security.web.access.intercept.FilterSecurityInterceptor@62ce5fd1]
2023-01-02 06:31:48.789 DEBUG 2404 --- [restartedMain] s.w.s.m.m.a.RequestMappingHandlerAdapter : ControllerAdvice beans: 0 @ModelAttribute, 0 @InitBinder, 1 RequestBodyAdvice, 1 ResponseBodyAdvice
2023-01-02 06:31:48.925 DEBUG 2404 --- [restartedMain] .m.m.a.ExceptionHandlerExceptionResolver : ControllerAdvice beans: 0 @ExceptionHandler, 1 ResponseBodyAdvice
2023-01-02 06:31:49.509  INFO 2404 --- [restartedMain] o.s.b.d.a.OptionalLiveReloadServer       : LiveReload server is running on port 35729
2023-01-02 06:31:49.597  INFO 2404 --- [restartedMain] o.s.b.w.embedded.tomcat.TomcatWebServer  : Tomcat started on port(s): 8080 (http) with context path ''
2023-01-02 06:31:49.626  INFO 2404 --- [restartedMain] c.O.bookstore.BookstoreApplication       : Started BookstoreApplication in 32.194 seconds (JVM running for 35.366)
2023-01-02 06:32:38.799  INFO 2404 --- [File Watcher] rtingClassPathChangeChangedEventListener : Restarting due to 1 class path change (0 additions, 0 deletions, 1 modification)
2023-01-02 06:32:39.245  INFO 2404 --- [Thread-5] o.apache.catalina.core.StandardService   : Stopping service [Tomcat]
2023-01-02 06:32:39.279  INFO 2404 --- [Thread-5] j.LocalContainerEntityManagerFactoryBean : Closing JPA EntityManagerFactory for persistence unit 'default'
2023-01-02 06:32:39.287  INFO 2404 --- [Thread-5] com.zaxxer.hikari.HikariDataSource       : HikariPool-1 - Shutdown initiated...
2023-01-02 06:32:39.318  INFO 2404 --- [Thread-5] com.zaxxer.hikari.HikariDataSource       : HikariPool-1 - Shutdown completed.
2023-01-02 06:32:39.530  INFO 2404 --- [restartedMain] c.O.bookstore.BookstoreApplication       : Starting BookstoreApplication using Java 11.0.12 on DESKTOP-UED44E2 with PID 2404 (C:\ojt_project_workspace\ojt_bookstore_project\backend\target\classes started by User in C:\ojt_project_workspace\ojt_bookstore_project\backend)
2023-01-02 06:32:39.531  INFO 2404 --- [restartedMain] c.O.bookstore.BookstoreApplication       : No active profile set, falling back to 1 default profile: "default"
2023-01-02 06:32:40.142  INFO 2404 --- [restartedMain] .s.d.r.c.RepositoryConfigurationDelegate : Multiple Spring Data modules found, entering strict repository configuration mode
2023-01-02 06:32:40.142  INFO 2404 --- [restartedMain] .s.d.r.c.RepositoryConfigurationDelegate : Bootstrapping Spring Data JDBC repositories in DEFAULT mode.
2023-01-02 06:32:40.178  INFO 2404 --- [restartedMain] .RepositoryConfigurationExtensionSupport : Spring Data JDBC - Could not safely identify store assignment for repository candidate interface com.OJTProject.bookstore.repo.BookRepo; If you want this repository to be a JDBC repository, consider annotating your entities with one of these annotations: org.springframework.data.relational.core.mapping.Table.
2023-01-02 06:32:40.190  INFO 2404 --- [restartedMain] .RepositoryConfigurationExtensionSupport : Spring Data JDBC - Could not safely identify store assignment for repository candidate interface com.OJTProject.bookstore.repo.OrderRepo; If you want this repository to be a JDBC repository, consider annotating your entities with one of these annotations: org.springframework.data.relational.core.mapping.Table.
2023-01-02 06:32:40.196  INFO 2404 --- [restartedMain] .RepositoryConfigurationExtensionSupport : Spring Data JDBC - Could not safely identify store assignment for repository candidate interface com.OJTProject.bookstore.repo.PasswordResetTokenRepo; If you want this repository to be a JDBC repository, consider annotating your entities with one of these annotations: org.springframework.data.relational.core.mapping.Table.
2023-01-02 06:32:40.205  INFO 2404 --- [restartedMain] .RepositoryConfigurationExtensionSupport : Spring Data JDBC - Could not safely identify store assignment for repository candidate interface com.OJTProject.bookstore.repo.UserAddressRepo; If you want this repository to be a JDBC repository, consider annotating your entities with one of these annotations: org.springframework.data.relational.core.mapping.Table.
2023-01-02 06:32:40.214  INFO 2404 --- [restartedMain] .RepositoryConfigurationExtensionSupport : Spring Data JDBC - Could not safely identify store assignment for repository candidate interface com.OJTProject.bookstore.repo.UserBillingRepo; If you want this repository to be a JDBC repository, consider annotating your entities with one of these annotations: org.springframework.data.relational.core.mapping.Table.
2023-01-02 06:32:40.221  INFO 2404 --- [restartedMain] .RepositoryConfigurationExtensionSupport : Spring Data JDBC - Could not safely identify store assignment for repository candidate interface com.OJTProject.bookstore.repo.UserCartItemBookRepo; If you want this repository to be a JDBC repository, consider annotating your entities with one of these annotations: org.springframework.data.relational.core.mapping.Table.
2023-01-02 06:32:40.225  INFO 2404 --- [restartedMain] .RepositoryConfigurationExtensionSupport : Spring Data JDBC - Could not safely identify store assignment for repository candidate interface com.OJTProject.bookstore.repo.UserCartItemRepo; If you want this repository to be a JDBC repository, consider annotating your entities with one of these annotations: org.springframework.data.relational.core.mapping.Table.
2023-01-02 06:32:40.232  INFO 2404 --- [restartedMain] .RepositoryConfigurationExtensionSupport : Spring Data JDBC - Could not safely identify store assignment for repository candidate interface com.OJTProject.bookstore.repo.UserCartRepo; If you want this repository to be a JDBC repository, consider annotating your entities with one of these annotations: org.springframework.data.relational.core.mapping.Table.
2023-01-02 06:32:40.237  INFO 2404 --- [restartedMain] .RepositoryConfigurationExtensionSupport : Spring Data JDBC - Could not safely identify store assignment for repository candidate interface com.OJTProject.bookstore.repo.UserPaymentMethodRepo; If you want this repository to be a JDBC repository, consider annotating your entities with one of these annotations: org.springframework.data.relational.core.mapping.Table.
2023-01-02 06:32:40.241  INFO 2404 --- [restartedMain] .RepositoryConfigurationExtensionSupport : Spring Data JDBC - Could not safely identify store assignment for repository candidate interface com.OJTProject.bookstore.repo.UserRepo; If you want this repository to be a JDBC repository, consider annotating your entities with one of these annotations: org.springframework.data.relational.core.mapping.Table.
2023-01-02 06:32:40.245  INFO 2404 --- [restartedMain] .RepositoryConfigurationExtensionSupport : Spring Data JDBC - Could not safely identify store assignment for repository candidate interface com.OJTProject.bookstore.repo.UserShippingRepo; If you want this repository to be a JDBC repository, consider annotating your entities with one of these annotations: org.springframework.data.relational.core.mapping.Table.
2023-01-02 06:32:40.246  INFO 2404 --- [restartedMain] .s.d.r.c.RepositoryConfigurationDelegate : Finished Spring Data repository scanning in 103 ms. Found 0 JDBC repository interfaces.
2023-01-02 06:32:40.259  INFO 2404 --- [restartedMain] .s.d.r.c.RepositoryConfigurationDelegate : Multiple Spring Data modules found, entering strict repository configuration mode
2023-01-02 06:32:40.259  INFO 2404 --- [restartedMain] .s.d.r.c.RepositoryConfigurationDelegate : Bootstrapping Spring Data JPA repositories in DEFAULT mode.
2023-01-02 06:32:40.354  INFO 2404 --- [restartedMain] .s.d.r.c.RepositoryConfigurationDelegate : Finished Spring Data repository scanning in 93 ms. Found 11 JPA repository interfaces.
2023-01-02 06:32:40.607  INFO 2404 --- [restartedMain] o.s.b.w.embedded.tomcat.TomcatWebServer  : Tomcat initialized with port(s): 8080 (http)
2023-01-02 06:32:40.609  INFO 2404 --- [restartedMain] o.apache.catalina.core.StandardService   : Starting service [Tomcat]
2023-01-02 06:32:40.610  INFO 2404 --- [restartedMain] org.apache.catalina.core.StandardEngine  : Starting Servlet engine: [Apache Tomcat/9.0.69]
2023-01-02 06:32:40.685  INFO 2404 --- [restartedMain] o.a.c.c.C.[Tomcat].[localhost].[/]       : Initializing Spring embedded WebApplicationContext
2023-01-02 06:32:40.689  INFO 2404 --- [restartedMain] w.s.c.ServletWebServerApplicationContext : Root WebApplicationContext: initialization completed in 1151 ms
2023-01-02 06:32:40.775  INFO 2404 --- [restartedMain] o.hibernate.jpa.internal.util.LogHelper  : HHH000204: Processing PersistenceUnitInfo [name: default]
2023-01-02 06:32:40.791  INFO 2404 --- [restartedMain] com.zaxxer.hikari.HikariDataSource       : HikariPool-2 - Starting...
2023-01-02 06:32:40.833  INFO 2404 --- [restartedMain] com.zaxxer.hikari.HikariDataSource       : HikariPool-2 - Start completed.
2023-01-02 06:32:40.834  INFO 2404 --- [restartedMain] org.hibernate.dialect.Dialect            : HHH000400: Using dialect: org.hibernate.dialect.MySQL5InnoDBDialect
2023-01-02 06:32:41.804  INFO 2404 --- [restartedMain] o.h.e.t.j.p.i.JtaPlatformInitiator       : HHH000490: Using JtaPlatform implementation: [org.hibernate.engine.transaction.jta.platform.internal.NoJtaPlatform]
2023-01-02 06:32:41.804  INFO 2404 --- [restartedMain] j.LocalContainerEntityManagerFactoryBean : Initialized JPA EntityManagerFactory for persistence unit 'default'
2023-01-02 06:32:42.572  WARN 2404 --- [restartedMain] JpaBaseConfiguration$JpaWebConfiguration : spring.jpa.open-in-view is enabled by default. Therefore, database queries may be performed during view rendering. Explicitly configure spring.jpa.open-in-view to disable this warning
2023-01-02 06:32:42.595  WARN 2404 --- [restartedMain] .s.s.UserDetailsServiceAutoConfiguration : 

Using generated security password: 30d18448-d329-4a31-b06b-ee1f0800d2fc

This generated password is for development use only. Your security configuration must be updated before running your application in production.

2023-01-02 06:32:42.649 DEBUG 2404 --- [restartedMain] s.w.s.m.m.a.RequestMappingHandlerMapping : 47 mappings in 'requestMappingHandlerMapping'
2023-01-02 06:32:42.655 DEBUG 2404 --- [restartedMain] o.s.w.s.handler.SimpleUrlHandlerMapping  : Patterns [/] in 'viewControllerHandlerMapping'
2023-01-02 06:32:42.728 DEBUG 2404 --- [restartedMain] o.s.w.s.handler.SimpleUrlHandlerMapping  : Patterns [/webjars/**, /**, /images/*] in 'resourceHandlerMapping'
2023-01-02 06:32:42.733  WARN 2404 --- [restartedMain] o.s.s.c.a.web.builders.WebSecurity       : You are asking Spring Security to ignore Ant [pattern='/images/**']. This is not recommended -- please use permitAll via HttpSecurity#authorizeHttpRequests instead.
2023-01-02 06:32:42.734  INFO 2404 --- [restartedMain] o.s.s.web.DefaultSecurityFilterChain     : Will not secure Ant [pattern='/images/**']
2023-01-02 06:32:42.735  WARN 2404 --- [restartedMain] o.s.s.c.a.web.builders.WebSecurity       : You are asking Spring Security to ignore Ant [pattern='/js/**']. This is not recommended -- please use permitAll via HttpSecurity#authorizeHttpRequests instead.
2023-01-02 06:32:42.736  INFO 2404 --- [restartedMain] o.s.s.web.DefaultSecurityFilterChain     : Will not secure Ant [pattern='/js/**']
2023-01-02 06:32:42.736  WARN 2404 --- [restartedMain] o.s.s.c.a.web.builders.WebSecurity       : You are asking Spring Security to ignore Ant [pattern='/css/**']. This is not recommended -- please use permitAll via HttpSecurity#authorizeHttpRequests instead.
2023-01-02 06:32:42.737  INFO 2404 --- [restartedMain] o.s.s.web.DefaultSecurityFilterChain     : Will not secure Ant [pattern='/css/**']
2023-01-02 06:32:42.750  INFO 2404 --- [restartedMain] o.s.s.web.DefaultSecurityFilterChain     : Will secure any request with [org.springframework.security.web.session.DisableEncodeUrlFilter@2d4fa592, org.springframework.security.web.context.request.async.WebAsyncManagerIntegrationFilter@5e2e76d6, org.springframework.security.web.context.SecurityContextPersistenceFilter@ace9a88, org.springframework.security.web.header.HeaderWriterFilter@4f574e45, org.springframework.security.web.authentication.logout.LogoutFilter@58dc1d94, org.springframework.security.web.savedrequest.RequestCacheAwareFilter@52a4b3b, org.springframework.security.web.servletapi.SecurityContextHolderAwareRequestFilter@70fa08bd, org.springframework.security.web.authentication.AnonymousAuthenticationFilter@511d2985, org.springframework.security.web.session.SessionManagementFilter@2ecf1b78, org.springframework.security.web.access.ExceptionTranslationFilter@271a341, org.springframework.security.web.access.intercept.FilterSecurityInterceptor@3ffe0168]
2023-01-02 06:32:42.789 DEBUG 2404 --- [restartedMain] s.w.s.m.m.a.RequestMappingHandlerAdapter : ControllerAdvice beans: 0 @ModelAttribute, 0 @InitBinder, 1 RequestBodyAdvice, 1 ResponseBodyAdvice
2023-01-02 06:32:42.831 DEBUG 2404 --- [restartedMain] .m.m.a.ExceptionHandlerExceptionResolver : ControllerAdvice beans: 0 @ExceptionHandler, 1 ResponseBodyAdvice
2023-01-02 06:32:42.912  INFO 2404 --- [restartedMain] o.s.b.d.a.OptionalLiveReloadServer       : LiveReload server is running on port 35729
2023-01-02 06:32:42.944  INFO 2404 --- [restartedMain] o.s.b.w.embedded.tomcat.TomcatWebServer  : Tomcat started on port(s): 8080 (http) with context path ''
2023-01-02 06:32:42.956  INFO 2404 --- [restartedMain] c.O.bookstore.BookstoreApplication       : Started BookstoreApplication in 3.498 seconds (JVM running for 88.696)
2023-01-02 06:32:42.960  INFO 2404 --- [restartedMain] .ConditionEvaluationDeltaLoggingListener : Condition evaluation unchanged
2023-01-02 06:38:09.652  INFO 2404 --- [http-nio-8080-exec-1] o.a.c.c.C.[Tomcat].[localhost].[/]       : Initializing Spring DispatcherServlet 'dispatcherServlet'
2023-01-02 06:38:09.656  INFO 2404 --- [http-nio-8080-exec-1] o.s.web.servlet.DispatcherServlet        : Initializing Servlet 'dispatcherServlet'
2023-01-02 06:38:09.660 DEBUG 2404 --- [http-nio-8080-exec-1] o.s.web.servlet.DispatcherServlet        : Detected StandardServletMultipartResolver
2023-01-02 06:38:09.660 DEBUG 2404 --- [http-nio-8080-exec-1] o.s.web.servlet.DispatcherServlet        : Detected AcceptHeaderLocaleResolver
2023-01-02 06:38:09.661 DEBUG 2404 --- [http-nio-8080-exec-1] o.s.web.servlet.DispatcherServlet        : Detected FixedThemeResolver
2023-01-02 06:38:09.663 DEBUG 2404 --- [http-nio-8080-exec-1] o.s.web.servlet.DispatcherServlet        : Detected org.springframework.web.servlet.view.DefaultRequestToViewNameTranslator@1a55dfc7
2023-01-02 06:38:09.669 DEBUG 2404 --- [http-nio-8080-exec-1] o.s.web.servlet.DispatcherServlet        : Detected org.springframework.web.servlet.support.SessionFlashMapManager@342d0fd
2023-01-02 06:38:09.670 DEBUG 2404 --- [http-nio-8080-exec-1] o.s.web.servlet.DispatcherServlet        : enableLoggingRequestDetails='false': request parameters and headers will be masked to prevent unsafe logging of potentially sensitive data
2023-01-02 06:38:09.671  INFO 2404 --- [http-nio-8080-exec-1] o.s.web.servlet.DispatcherServlet        : Completed initialization in 11 ms
2023-01-02 06:38:09.729 DEBUG 2404 --- [http-nio-8080-exec-1] s.w.s.m.m.a.RequestMappingHandlerMapping : Mapped to com.OJTProject.bookstore.controller.UserController#login(LoginRequest)
2023-01-02 06:38:09.758 DEBUG 2404 --- [http-nio-8080-exec-1] o.s.web.servlet.DispatcherServlet        : OPTIONS "/api/user/login", parameters={}
2023-01-02 06:38:09.762 DEBUG 2404 --- [http-nio-8080-exec-1] s.w.s.m.m.a.RequestMappingHandlerMapping : Mapped to com.OJTProject.bookstore.controller.UserController#login(LoginRequest)
2023-01-02 06:38:09.809 DEBUG 2404 --- [http-nio-8080-exec-1] o.s.web.servlet.DispatcherServlet        : Completed 200 OK
2023-01-02 06:38:09.826 DEBUG 2404 --- [http-nio-8080-exec-2] s.w.s.m.m.a.RequestMappingHandlerMapping : Mapped to com.OJTProject.bookstore.controller.UserController#login(LoginRequest)
2023-01-02 06:38:09.829 DEBUG 2404 --- [http-nio-8080-exec-2] o.s.web.servlet.DispatcherServlet        : POST "/api/user/login", parameters={}
2023-01-02 06:38:09.829 DEBUG 2404 --- [http-nio-8080-exec-2] s.w.s.m.m.a.RequestMappingHandlerMapping : Mapped to com.OJTProject.bookstore.controller.UserController#login(LoginRequest)
2023-01-02 06:38:10.026 DEBUG 2404 --- [http-nio-8080-exec-2] m.m.a.RequestResponseBodyMethodProcessor : Read "application/json;charset=UTF-8" to [com.OJTProject.bookstore.entity.LoginRequest@3a8f50a5]
2023-01-02 06:38:11.190 DEBUG 2404 --- [http-nio-8080-exec-2] o.s.w.s.m.m.a.HttpEntityMethodProcessor  : Using 'application/json', given [*/*] and supported [application/json, application/*+json, application/json, application/*+json]
2023-01-02 06:38:11.194 DEBUG 2404 --- [http-nio-8080-exec-2] o.s.w.s.m.m.a.HttpEntityMethodProcessor  : Writing [com.OJTProject.bookstore.entity.User@5f0c841d]
2023-01-02 06:38:11.228 DEBUG 2404 --- [http-nio-8080-exec-2] o.s.web.servlet.DispatcherServlet        : Completed 200 OK
2023-01-02 06:38:11.273 DEBUG 2404 --- [http-nio-8080-exec-3] s.w.s.m.m.a.RequestMappingHandlerMapping : Mapped to com.OJTProject.bookstore.controller.AdminController#bookList()
2023-01-02 06:38:11.279 DEBUG 2404 --- [http-nio-8080-exec-3] o.s.web.servlet.DispatcherServlet        : GET "/api/admin/book/list", parameters={}
2023-01-02 06:38:11.280 DEBUG 2404 --- [http-nio-8080-exec-3] s.w.s.m.m.a.RequestMappingHandlerMapping : Mapped to com.OJTProject.bookstore.controller.AdminController#bookList()
2023-01-02 06:38:11.302 DEBUG 2404 --- [http-nio-8080-exec-3] o.s.w.s.m.m.a.HttpEntityMethodProcessor  : Using 'application/json', given [*/*] and supported [application/json, application/*+json, application/json, application/*+json]
2023-01-02 06:38:11.302 DEBUG 2404 --- [http-nio-8080-exec-3] o.s.w.s.m.m.a.HttpEntityMethodProcessor  : Writing [[]]
2023-01-02 06:38:11.304 DEBUG 2404 --- [http-nio-8080-exec-3] o.s.web.servlet.DispatcherServlet        : Completed 200 OK
2023-01-02 06:38:16.845 DEBUG 2404 --- [http-nio-8080-exec-4] s.w.s.m.m.a.RequestMappingHandlerMapping : Mapped to com.OJTProject.bookstore.controller.AdminController#getUserList()
2023-01-02 06:38:16.846 DEBUG 2404 --- [http-nio-8080-exec-4] o.s.web.servlet.DispatcherServlet        : GET "/api/admin/user/list", parameters={}
2023-01-02 06:38:16.847 DEBUG 2404 --- [http-nio-8080-exec-4] s.w.s.m.m.a.RequestMappingHandlerMapping : Mapped to com.OJTProject.bookstore.controller.AdminController#getUserList()
2023-01-02 06:38:16.882 DEBUG 2404 --- [http-nio-8080-exec-4] o.s.w.s.m.m.a.HttpEntityMethodProcessor  : Using 'application/json', given [*/*] and supported [application/json, application/*+json, application/json, application/*+json]
2023-01-02 06:38:16.882 DEBUG 2404 --- [http-nio-8080-exec-4] o.s.w.s.m.m.a.HttpEntityMethodProcessor  : Writing [[com.OJTProject.bookstore.entity.User@275be5f7]]
2023-01-02 06:38:16.886 DEBUG 2404 --- [http-nio-8080-exec-4] o.s.web.servlet.DispatcherServlet        : Completed 200 OK
2023-01-02 06:38:17.113 DEBUG 2404 --- [http-nio-8080-exec-5] s.w.s.m.m.a.RequestMappingHandlerMapping : Mapped to com.OJTProject.bookstore.controller.AdminController#getAllStatus()
2023-01-02 06:38:17.114 DEBUG 2404 --- [http-nio-8080-exec-5] o.s.web.servlet.DispatcherServlet        : GET "/api/admin/user/status", parameters={}
2023-01-02 06:38:17.114 DEBUG 2404 --- [http-nio-8080-exec-5] s.w.s.m.m.a.RequestMappingHandlerMapping : Mapped to com.OJTProject.bookstore.controller.AdminController#getAllStatus()
2023-01-02 06:38:17.117 DEBUG 2404 --- [http-nio-8080-exec-5] o.s.w.s.m.m.a.HttpEntityMethodProcessor  : Using 'application/json', given [*/*] and supported [application/json, application/*+json, application/json, application/*+json]
2023-01-02 06:38:17.117 DEBUG 2404 --- [http-nio-8080-exec-5] o.s.w.s.m.m.a.HttpEntityMethodProcessor  : Writing [[active, deactivated]]
2023-01-02 06:38:17.123 DEBUG 2404 --- [http-nio-8080-exec-5] o.s.web.servlet.DispatcherServlet        : Completed 200 OK
2023-01-02 06:38:17.816 DEBUG 2404 --- [http-nio-8080-exec-6] s.w.s.m.m.a.RequestMappingHandlerMapping : Mapped to com.OJTProject.bookstore.controller.AdminController#getOrders()
2023-01-02 06:38:17.817 DEBUG 2404 --- [http-nio-8080-exec-6] o.s.web.servlet.DispatcherServlet        : GET "/api/admin/user/orders", parameters={}
2023-01-02 06:38:17.818 DEBUG 2404 --- [http-nio-8080-exec-6] s.w.s.m.m.a.RequestMappingHandlerMapping : Mapped to com.OJTProject.bookstore.controller.AdminController#getOrders()
2023-01-02 06:38:17.830 DEBUG 2404 --- [http-nio-8080-exec-6] o.s.w.s.m.m.a.HttpEntityMethodProcessor  : Using 'application/json', given [*/*] and supported [application/json, application/*+json, application/json, application/*+json]
2023-01-02 06:38:17.830 DEBUG 2404 --- [http-nio-8080-exec-6] o.s.w.s.m.m.a.HttpEntityMethodProcessor  : Writing [[]]
2023-01-02 06:38:17.832 DEBUG 2404 --- [http-nio-8080-exec-6] o.s.web.servlet.DispatcherServlet        : Completed 200 OK
2023-01-02 06:38:22.037 DEBUG 2404 --- [http-nio-8080-exec-7] s.w.s.m.m.a.RequestMappingHandlerMapping : Mapped to com.OJTProject.bookstore.controller.BookController#findByCategory(String, int, int)
2023-01-02 06:38:22.039 DEBUG 2404 --- [http-nio-8080-exec-7] o.s.web.servlet.DispatcherServlet        : GET "/api/book/category/search?category=All%20Books&noPage=0&count=9", parameters={masked}
2023-01-02 06:38:22.040 DEBUG 2404 --- [http-nio-8080-exec-7] s.w.s.m.m.a.RequestMappingHandlerMapping : Mapped to com.OJTProject.bookstore.controller.BookController#findByCategory(String, int, int)
2023-01-02 06:38:22.090 DEBUG 2404 --- [http-nio-8080-exec-7] o.s.w.s.m.m.a.HttpEntityMethodProcessor  : Using 'application/json', given [*/*] and supported [application/json, application/*+json, application/json, application/*+json]
2023-01-02 06:38:22.090 DEBUG 2404 --- [http-nio-8080-exec-7] o.s.w.s.m.m.a.HttpEntityMethodProcessor  : Writing [Page 1 of 0 containing UNKNOWN instances]
2023-01-02 06:38:22.107 DEBUG 2404 --- [http-nio-8080-exec-7] o.s.web.servlet.DispatcherServlet        : Completed 200 OK
2023-01-02 06:38:24.928 DEBUG 2404 --- [http-nio-8080-exec-8] s.w.s.m.m.a.RequestMappingHandlerMapping : Mapped to com.OJTProject.bookstore.controller.BookController#findByCategory(String, int, int)
2023-01-02 06:38:24.929 DEBUG 2404 --- [http-nio-8080-exec-8] o.s.web.servlet.DispatcherServlet        : GET "/api/book/category/search?category=All%20Books&noPage=0&count=9", parameters={masked}
2023-01-02 06:38:24.931 DEBUG 2404 --- [http-nio-8080-exec-8] s.w.s.m.m.a.RequestMappingHandlerMapping : Mapped to com.OJTProject.bookstore.controller.BookController#findByCategory(String, int, int)
2023-01-02 06:38:24.942 DEBUG 2404 --- [http-nio-8080-exec-8] o.s.w.s.m.m.a.HttpEntityMethodProcessor  : Using 'application/json', given [*/*] and supported [application/json, application/*+json, application/json, application/*+json]
2023-01-02 06:38:24.942 DEBUG 2404 --- [http-nio-8080-exec-8] o.s.w.s.m.m.a.HttpEntityMethodProcessor  : Writing [Page 1 of 0 containing UNKNOWN instances]
2023-01-02 06:38:24.946 DEBUG 2404 --- [http-nio-8080-exec-8] o.s.web.servlet.DispatcherServlet        : Completed 200 OK
2023-01-02 06:38:49.223 DEBUG 2404 --- [http-nio-8080-exec-9] s.w.s.m.m.a.RequestMappingHandlerMapping : Mapped to com.OJTProject.bookstore.controller.UserController#register(User, HttpServletRequest)
2023-01-02 06:38:49.225 DEBUG 2404 --- [http-nio-8080-exec-9] o.s.web.servlet.DispatcherServlet        : OPTIONS "/api/user/register", parameters={}
2023-01-02 06:38:49.227 DEBUG 2404 --- [http-nio-8080-exec-9] s.w.s.m.m.a.RequestMappingHandlerMapping : Mapped to com.OJTProject.bookstore.controller.UserController#register(User, HttpServletRequest)
2023-01-02 06:38:49.229 DEBUG 2404 --- [http-nio-8080-exec-9] o.s.web.servlet.DispatcherServlet        : Completed 200 OK
2023-01-02 06:38:49.240 DEBUG 2404 --- [http-nio-8080-exec-9] s.w.s.m.m.a.RequestMappingHandlerMapping : Mapped to com.OJTProject.bookstore.controller.UserController#register(User, HttpServletRequest)
2023-01-02 06:38:49.241 DEBUG 2404 --- [http-nio-8080-exec-9] o.s.web.servlet.DispatcherServlet        : POST "/api/user/register", parameters={}
2023-01-02 06:38:49.241 DEBUG 2404 --- [http-nio-8080-exec-9] s.w.s.m.m.a.RequestMappingHandlerMapping : Mapped to com.OJTProject.bookstore.controller.UserController#register(User, HttpServletRequest)
2023-01-02 06:38:49.309 DEBUG 2404 --- [http-nio-8080-exec-9] m.m.a.RequestResponseBodyMethodProcessor : Read "application/json;charset=UTF-8" to [com.OJTProject.bookstore.entity.User@428d4d25]
2023-01-02 06:39:03.916 DEBUG 2404 --- [http-nio-8080-exec-9] o.s.w.s.m.m.a.HttpEntityMethodProcessor  : Using 'text/plain', given [*/*] and supported [text/plain, */*, text/plain, */*, application/json, application/*+json, application/json, application/*+json]
2023-01-02 06:39:03.917 DEBUG 2404 --- [http-nio-8080-exec-9] o.s.w.s.m.m.a.HttpEntityMethodProcessor  : Writing ["Email is Send."]
2023-01-02 06:39:03.919 DEBUG 2404 --- [http-nio-8080-exec-9] o.s.web.servlet.DispatcherServlet        : Completed 200 OK
2023-01-02 06:39:52.057 DEBUG 2404 --- [http-nio-8080-exec-10] s.w.s.m.m.a.RequestMappingHandlerMapping : Mapped to com.OJTProject.bookstore.controller.UserController#login(LoginRequest)
2023-01-02 06:39:52.058 DEBUG 2404 --- [http-nio-8080-exec-10] o.s.web.servlet.DispatcherServlet        : POST "/api/user/login", parameters={}
2023-01-02 06:39:52.059 DEBUG 2404 --- [http-nio-8080-exec-10] s.w.s.m.m.a.RequestMappingHandlerMapping : Mapped to com.OJTProject.bookstore.controller.UserController#login(LoginRequest)
2023-01-02 06:39:52.061 DEBUG 2404 --- [http-nio-8080-exec-10] m.m.a.RequestResponseBodyMethodProcessor : Read "application/json;charset=UTF-8" to [com.OJTProject.bookstore.entity.LoginRequest@5fbd88fa]
2023-01-02 06:39:53.142 DEBUG 2404 --- [http-nio-8080-exec-10] o.s.w.s.m.m.a.HttpEntityMethodProcessor  : Using 'application/json', given [*/*] and supported [application/json, application/*+json, application/json, application/*+json]
2023-01-02 06:39:53.147 DEBUG 2404 --- [http-nio-8080-exec-10] o.s.w.s.m.m.a.HttpEntityMethodProcessor  : Writing [com.OJTProject.bookstore.entity.User@10477746]
2023-01-02 06:39:53.156 DEBUG 2404 --- [http-nio-8080-exec-10] o.s.web.servlet.DispatcherServlet        : Completed 200 OK
2023-01-02 06:39:55.153 DEBUG 2404 --- [http-nio-8080-exec-1] s.w.s.m.m.a.RequestMappingHandlerMapping : Mapped to com.OJTProject.bookstore.controller.BookController#findByCategory(String, int, int)
2023-01-02 06:39:55.154 DEBUG 2404 --- [http-nio-8080-exec-1] o.s.web.servlet.DispatcherServlet        : GET "/api/book/category/search?category=All%20Books&noPage=0&count=9", parameters={masked}
2023-01-02 06:39:55.155 DEBUG 2404 --- [http-nio-8080-exec-1] s.w.s.m.m.a.RequestMappingHandlerMapping : Mapped to com.OJTProject.bookstore.controller.BookController#findByCategory(String, int, int)
2023-01-02 06:39:55.177 DEBUG 2404 --- [http-nio-8080-exec-1] o.s.w.s.m.m.a.HttpEntityMethodProcessor  : Using 'application/json', given [*/*] and supported [application/json, application/*+json, application/json, application/*+json]
2023-01-02 06:39:55.179 DEBUG 2404 --- [http-nio-8080-exec-1] o.s.w.s.m.m.a.HttpEntityMethodProcessor  : Writing [Page 1 of 0 containing UNKNOWN instances]
2023-01-02 06:39:55.180 DEBUG 2404 --- [http-nio-8080-exec-1] o.s.web.servlet.DispatcherServlet        : Completed 200 OK
2023-01-02 06:39:56.871 DEBUG 2404 --- [http-nio-8080-exec-2] s.w.s.m.m.a.RequestMappingHandlerMapping : Mapped to com.OJTProject.bookstore.controller.CartController#userCart(Long)
2023-01-02 06:39:56.872 DEBUG 2404 --- [http-nio-8080-exec-2] o.s.web.servlet.DispatcherServlet        : GET "/api/cart/item/list?userId=3", parameters={masked}
2023-01-02 06:39:56.874 DEBUG 2404 --- [http-nio-8080-exec-2] s.w.s.m.m.a.RequestMappingHandlerMapping : Mapped to com.OJTProject.bookstore.controller.CartController#userCart(Long)
2023-01-02 06:39:57.020 DEBUG 2404 --- [http-nio-8080-exec-2] o.s.w.s.m.m.a.HttpEntityMethodProcessor  : Using 'application/json', given [*/*] and supported [application/json, application/*+json, application/json, application/*+json]
2023-01-02 06:39:57.021 DEBUG 2404 --- [http-nio-8080-exec-2] o.s.w.s.m.m.a.HttpEntityMethodProcessor  : Writing [[]]
2023-01-02 06:39:57.024 DEBUG 2404 --- [http-nio-8080-exec-2] o.s.web.servlet.DispatcherServlet        : Completed 200 OK
2023-01-02 06:39:58.305 DEBUG 2404 --- [http-nio-8080-exec-3] s.w.s.m.m.a.RequestMappingHandlerMapping : Mapped to com.OJTProject.bookstore.controller.UserController#getProfile(Long)
2023-01-02 06:39:58.309 DEBUG 2404 --- [http-nio-8080-exec-3] o.s.web.servlet.DispatcherServlet        : GET "/api/user/profile?userId=3", parameters={masked}
2023-01-02 06:39:58.318 DEBUG 2404 --- [http-nio-8080-exec-3] s.w.s.m.m.a.RequestMappingHandlerMapping : Mapped to com.OJTProject.bookstore.controller.UserController#getProfile(Long)
2023-01-02 06:39:58.328 DEBUG 2404 --- [http-nio-8080-exec-3] o.s.w.s.m.m.a.HttpEntityMethodProcessor  : Using 'application/json', given [*/*] and supported [application/json, application/*+json, application/json, application/*+json]
2023-01-02 06:39:58.329 DEBUG 2404 --- [http-nio-8080-exec-3] o.s.w.s.m.m.a.HttpEntityMethodProcessor  : Writing [com.OJTProject.bookstore.entity.User@129c4497]
2023-01-02 06:39:58.331 DEBUG 2404 --- [http-nio-8080-exec-3] o.s.web.servlet.DispatcherServlet        : Completed 200 OK
2023-01-02 06:40:29.442 DEBUG 2404 --- [http-nio-8080-exec-4] s.w.s.m.m.a.RequestMappingHandlerMapping : Mapped to com.OJTProject.bookstore.controller.UserController#updateProfile(User, String, String)
2023-01-02 06:40:29.443 DEBUG 2404 --- [http-nio-8080-exec-4] o.s.web.servlet.DispatcherServlet        : OPTIONS "/api/user/profile/update?currentPassword=MTYD27N9I8EO8F6FNL&newPassword=1111", parameters={masked}
2023-01-02 06:40:29.444 DEBUG 2404 --- [http-nio-8080-exec-4] s.w.s.m.m.a.RequestMappingHandlerMapping : Mapped to com.OJTProject.bookstore.controller.UserController#updateProfile(User, String, String)
2023-01-02 06:40:29.445 DEBUG 2404 --- [http-nio-8080-exec-4] o.s.web.servlet.DispatcherServlet        : Completed 200 OK
2023-01-02 06:40:29.456 DEBUG 2404 --- [http-nio-8080-exec-5] s.w.s.m.m.a.RequestMappingHandlerMapping : Mapped to com.OJTProject.bookstore.controller.UserController#updateProfile(User, String, String)
2023-01-02 06:40:29.457 DEBUG 2404 --- [http-nio-8080-exec-5] o.s.web.servlet.DispatcherServlet        : PUT "/api/user/profile/update?currentPassword=MTYD27N9I8EO8F6FNL&newPassword=1111", parameters={masked}
2023-01-02 06:40:29.458 DEBUG 2404 --- [http-nio-8080-exec-5] s.w.s.m.m.a.RequestMappingHandlerMapping : Mapped to com.OJTProject.bookstore.controller.UserController#updateProfile(User, String, String)
2023-01-02 06:40:29.465 DEBUG 2404 --- [http-nio-8080-exec-5] m.m.a.RequestResponseBodyMethodProcessor : Read "application/json;charset=UTF-8" to [com.OJTProject.bookstore.entity.User@17981b6c]
2023-01-02 06:40:31.609 DEBUG 2404 --- [http-nio-8080-exec-5] o.s.w.s.m.m.a.HttpEntityMethodProcessor  : Using 'application/octet-stream', given [*/*] and supported [*/*]
2023-01-02 06:40:31.610 DEBUG 2404 --- [http-nio-8080-exec-5] o.s.web.servlet.DispatcherServlet        : Completed 200 OK
2023-01-02 06:40:35.437 DEBUG 2404 --- [http-nio-8080-exec-6] s.w.s.m.m.a.RequestMappingHandlerMapping : Mapped to com.OJTProject.bookstore.controller.UserController#orderList(Long)
2023-01-02 06:40:35.438 DEBUG 2404 --- [http-nio-8080-exec-6] o.s.web.servlet.DispatcherServlet        : GET "/api/user/order/list?userId=3", parameters={masked}
2023-01-02 06:40:35.439 DEBUG 2404 --- [http-nio-8080-exec-6] s.w.s.m.m.a.RequestMappingHandlerMapping : Mapped to com.OJTProject.bookstore.controller.UserController#orderList(Long)
2023-01-02 06:40:35.459 DEBUG 2404 --- [http-nio-8080-exec-6] o.s.w.s.m.m.a.HttpEntityMethodProcessor  : Using 'application/json', given [*/*] and supported [application/json, application/*+json, application/json, application/*+json]
2023-01-02 06:40:35.474 DEBUG 2404 --- [http-nio-8080-exec-6] o.s.w.s.m.m.a.HttpEntityMethodProcessor  : Writing [[]]
2023-01-02 06:40:35.476 DEBUG 2404 --- [http-nio-8080-exec-6] o.s.web.servlet.DispatcherServlet        : Completed 200 OK
2023-01-02 06:40:36.322 DEBUG 2404 --- [http-nio-8080-exec-7] s.w.s.m.m.a.RequestMappingHandlerMapping : Mapped to com.OJTProject.bookstore.controller.UserController#getProfile(Long)
2023-01-02 06:40:36.327 DEBUG 2404 --- [http-nio-8080-exec-7] o.s.web.servlet.DispatcherServlet        : GET "/api/user/profile?userId=3", parameters={masked}
2023-01-02 06:40:36.327 DEBUG 2404 --- [http-nio-8080-exec-7] s.w.s.m.m.a.RequestMappingHandlerMapping : Mapped to com.OJTProject.bookstore.controller.UserController#getProfile(Long)
2023-01-02 06:40:36.338 DEBUG 2404 --- [http-nio-8080-exec-7] o.s.w.s.m.m.a.HttpEntityMethodProcessor  : Using 'application/json', given [*/*] and supported [application/json, application/*+json, application/json, application/*+json]
2023-01-02 06:40:36.339 DEBUG 2404 --- [http-nio-8080-exec-7] o.s.w.s.m.m.a.HttpEntityMethodProcessor  : Writing [com.OJTProject.bookstore.entity.User@6997a61f]
2023-01-02 06:40:36.343 DEBUG 2404 --- [http-nio-8080-exec-7] o.s.web.servlet.DispatcherServlet        : Completed 200 OK
2023-01-02 06:40:55.544 DEBUG 2404 --- [http-nio-8080-exec-8] s.w.s.m.m.a.RequestMappingHandlerMapping : Mapped to com.OJTProject.bookstore.controller.UserController#login(LoginRequest)
2023-01-02 06:40:55.549 DEBUG 2404 --- [http-nio-8080-exec-8] o.s.web.servlet.DispatcherServlet        : POST "/api/user/login", parameters={}
2023-01-02 06:40:55.550 DEBUG 2404 --- [http-nio-8080-exec-8] s.w.s.m.m.a.RequestMappingHandlerMapping : Mapped to com.OJTProject.bookstore.controller.UserController#login(LoginRequest)
2023-01-02 06:40:55.552 DEBUG 2404 --- [http-nio-8080-exec-8] m.m.a.RequestResponseBodyMethodProcessor : Read "application/json;charset=UTF-8" to [com.OJTProject.bookstore.entity.LoginRequest@19d0ac87]
2023-01-02 06:40:56.631 DEBUG 2404 --- [http-nio-8080-exec-8] o.s.w.s.m.m.a.HttpEntityMethodProcessor  : Using 'application/json', given [*/*] and supported [application/json, application/*+json, application/json, application/*+json]
2023-01-02 06:40:56.639 DEBUG 2404 --- [http-nio-8080-exec-8] o.s.w.s.m.m.a.HttpEntityMethodProcessor  : Writing [com.OJTProject.bookstore.entity.User@1e7c93a2]
2023-01-02 06:40:56.644 DEBUG 2404 --- [http-nio-8080-exec-8] o.s.web.servlet.DispatcherServlet        : Completed 200 OK
2023-01-02 06:40:56.690 DEBUG 2404 --- [http-nio-8080-exec-9] s.w.s.m.m.a.RequestMappingHandlerMapping : Mapped to com.OJTProject.bookstore.controller.AdminController#bookList()
2023-01-02 06:40:56.691 DEBUG 2404 --- [http-nio-8080-exec-9] o.s.web.servlet.DispatcherServlet        : GET "/api/admin/book/list", parameters={}
2023-01-02 06:40:56.692 DEBUG 2404 --- [http-nio-8080-exec-9] s.w.s.m.m.a.RequestMappingHandlerMapping : Mapped to com.OJTProject.bookstore.controller.AdminController#bookList()
2023-01-02 06:40:56.701 DEBUG 2404 --- [http-nio-8080-exec-9] o.s.w.s.m.m.a.HttpEntityMethodProcessor  : Using 'application/json', given [*/*] and supported [application/json, application/*+json, application/json, application/*+json]
2023-01-02 06:40:56.705 DEBUG 2404 --- [http-nio-8080-exec-9] o.s.w.s.m.m.a.HttpEntityMethodProcessor  : Writing [[]]
2023-01-02 06:40:56.706 DEBUG 2404 --- [http-nio-8080-exec-9] o.s.web.servlet.DispatcherServlet        : Completed 200 OK
2023-01-02 06:41:36.344 DEBUG 2404 --- [http-nio-8080-exec-10] s.w.s.m.m.a.RequestMappingHandlerMapping : Mapped to com.OJTProject.bookstore.controller.BookController#findByCategory(String, int, int)
2023-01-02 06:41:36.345 DEBUG 2404 --- [http-nio-8080-exec-10] o.s.web.servlet.DispatcherServlet        : GET "/api/book/category/search?category=All%20Books&noPage=0&count=9", parameters={masked}
2023-01-02 06:41:36.346 DEBUG 2404 --- [http-nio-8080-exec-10] s.w.s.m.m.a.RequestMappingHandlerMapping : Mapped to com.OJTProject.bookstore.controller.BookController#findByCategory(String, int, int)
2023-01-02 06:41:36.351 DEBUG 2404 --- [http-nio-8080-exec-10] o.s.w.s.m.m.a.HttpEntityMethodProcessor  : Using 'application/json', given [*/*] and supported [application/json, application/*+json, application/json, application/*+json]
2023-01-02 06:41:36.351 DEBUG 2404 --- [http-nio-8080-exec-10] o.s.w.s.m.m.a.HttpEntityMethodProcessor  : Writing [Page 1 of 0 containing UNKNOWN instances]
2023-01-02 06:41:36.354 DEBUG 2404 --- [http-nio-8080-exec-10] o.s.web.servlet.DispatcherServlet        : Completed 200 OK
2023-01-02 06:41:37.446 DEBUG 2404 --- [http-nio-8080-exec-1] s.w.s.m.m.a.RequestMappingHandlerMapping : Mapped to com.OJTProject.bookstore.controller.AdminController#bookList()
2023-01-02 06:41:37.447 DEBUG 2404 --- [http-nio-8080-exec-1] o.s.web.servlet.DispatcherServlet        : GET "/api/admin/book/list", parameters={}
2023-01-02 06:41:37.447 DEBUG 2404 --- [http-nio-8080-exec-1] s.w.s.m.m.a.RequestMappingHandlerMapping : Mapped to com.OJTProject.bookstore.controller.AdminController#bookList()
2023-01-02 06:41:37.455 DEBUG 2404 --- [http-nio-8080-exec-1] o.s.w.s.m.m.a.HttpEntityMethodProcessor  : Using 'application/json', given [*/*] and supported [application/json, application/*+json, application/json, application/*+json]
2023-01-02 06:41:37.455 DEBUG 2404 --- [http-nio-8080-exec-1] o.s.w.s.m.m.a.HttpEntityMethodProcessor  : Writing [[]]
2023-01-02 06:41:37.456 DEBUG 2404 --- [http-nio-8080-exec-1] o.s.web.servlet.DispatcherServlet        : Completed 200 OK
2023-01-02 06:42:02.076  INFO 2404 --- [RMI TCP Connection(15)-127.0.0.1] inMXBeanRegistrar$SpringApplicationAdmin : Application shutdown requested.
2023-01-02 06:42:02.619  INFO 2404 --- [RMI TCP Connection(15)-127.0.0.1] o.apache.catalina.core.StandardService   : Stopping service [Tomcat]
2023-01-02 06:42:02.621  INFO 2404 --- [RMI TCP Connection(15)-127.0.0.1] o.a.c.c.C.[Tomcat].[localhost].[/]       : Destroying Spring FrameworkServlet 'dispatcherServlet'
2023-01-02 06:42:02.644  INFO 2404 --- [RMI TCP Connection(15)-127.0.0.1] j.LocalContainerEntityManagerFactoryBean : Closing JPA EntityManagerFactory for persistence unit 'default'
2023-01-02 06:42:02.646  INFO 2404 --- [RMI TCP Connection(15)-127.0.0.1] com.zaxxer.hikari.HikariDataSource       : HikariPool-2 - Shutdown initiated...
2023-01-02 06:42:02.664  INFO 2404 --- [RMI TCP Connection(15)-127.0.0.1] com.zaxxer.hikari.HikariDataSource       : HikariPool-2 - Shutdown completed.
